<?xml version="1.0" encoding="UTF-8"?>
<testng-results ignored="0" total="1" passed="1" failed="0" skipped="0">
  <reporter-output>
  </reporter-output>
  <suite started-at="2021-04-18T16:57:01Z" name="Suite" finished-at="2021-04-18T16:57:31Z" duration-ms="30178">
    <groups>
    </groups>
    <test started-at="2021-04-18T16:57:01Z" name="Test" finished-at="2021-04-18T16:57:31Z" duration-ms="30178">
      <class name="org.ao.testscripts.SearchProduct">
        <test-method is-config="true" signature="openApplication()[pri:0, instance:org.ao.testscripts.SearchProduct@709ba3fb]" started-at="2021-04-18T17:57:01Z" name="openApplication" finished-at="2021-04-18T17:57:11Z" duration-ms="10263" status="PASS">
          <reporter-output>
          </reporter-output>
        </test-method> <!-- openApplication -->
        <test-method signature="SearchProduct()[pri:0, instance:org.ao.testscripts.SearchProduct@709ba3fb]" started-at="2021-04-18T17:57:11Z" name="SearchProduct" finished-at="2021-04-18T17:57:30Z" duration-ms="19032" status="PASS">
          <reporter-output>
          </reporter-output>
        </test-method> <!-- SearchProduct -->
        <test-method is-config="true" signature="closeApplication()[pri:0, instance:org.ao.testscripts.SearchProduct@709ba3fb]" started-at="2021-04-18T17:57:30Z" name="closeApplication" finished-at="2021-04-18T17:57:31Z" duration-ms="867" status="PASS">
          <reporter-output>
          </reporter-output>
        </test-method> <!-- closeApplication -->
      </class> <!-- org.ao.testscripts.SearchProduct -->
    </test> <!-- Test -->
  </suite> <!-- Suite -->
</testng-results>
